[INFO ] 2023-05-01 12:49:21.813 [main] ReportManager - 
------------------------------------------------------------------------------------------------------------------------------------------------
                                                      Powered by SHAFT Engine v7.2.20230425                                                      
------------------------------------------------------------------------------------------------------------------------------------------------

[INFO ] 2023-05-01 12:49:22.633 [main] ReportManager - Loaded OpenCV "opencv_java470".
[INFO ] 2023-05-01 12:49:22.659 [main] ReportManager - File Action "DeleteFolder" successfully performed. With the following test data "Target Folder: "execution-summary"".
[INFO ] 2023-05-01 12:49:22.661 [main] ReportManager - Initializing Allure Reporting Environment...
[INFO ] 2023-05-01 12:49:22.961 [main] ReportManager - Initializing Extent Reporting Environment...
[INFO ] 2023-05-01 12:49:23.777 [main] ReportManager - 
------------------------------------------------------------------------------------------------------------------------------------------------
                                             Starting execution of suite setup configuration method                                             
                                          'com.shaft.listeners.internal.ConfigurationHelper.suiteSetup'                                          
------------------------------------------------------------------------------------------------------------------------------------------------

[INFO ] 2023-05-01 12:49:23.876 [main] ReportManager - Initializing Important Links...
[INFO ] 2023-05-01 12:49:23.882 [main] ReportManager - Initializing Properties...
[INFO ] 2023-05-01 12:49:23.982 [main] ReportManager - 
------------------------------------------------------------------------------------------------------------------------------------------------
                                            Starting execution of before method configuration method                                            
                                                         'GuiTests.BaTest.beforeMethod'                                                         
------------------------------------------------------------------------------------------------------------------------------------------------

[INFO ] 2023-05-01 12:49:24.000 [main] ReportManager - Setting "targetOperatingSystem" property with "WINDOWS".
[INFO ] 2023-05-01 12:49:24.002 [main] ReportManager - File Action "DoesFileExist" successfully performed. With the following test data "File Path: "target/downloadedFiles/"".
[INFO ] 2023-05-01 12:49:24.003 [main] ReportManager - File Action "GetAbsolutePath" successfully performed. With the following test data "Relative Folder Path: "src/test/resources/testDataFiles/target/downloadedFiles/"".
[INFO ] 2023-05-01 12:49:24.012 [main] ReportManager - File Action "DoesFileExist" successfully performed. With the following test data "File Path: "target/downloadedFiles/"".
[INFO ] 2023-05-01 12:49:24.013 [main] ReportManager - File Action "GetAbsolutePath" successfully performed. With the following test data "Relative Folder Path: "src/test/resources/testDataFiles/target/downloadedFiles/"".
[INFO ] 2023-05-01 12:49:24.021 [main] ReportManager - Attempting to run locally on: "WINDOWS | Chrome".
[INFO ] 2023-05-01 12:49:24.021 [main] ReportManager - Identifying OS/Driver combination and selecting the correct driver version automatically. Please note that if a new driver executable will be downloaded it may take some time...
[DEBUG] 2023-05-01 12:49:24.507 [main] ResolutionCache - Resolution chrome=112 in cache (valid until 14:38:04 01/05/2023 EEST)
[DEBUG] 2023-05-01 12:49:24.508 [main] ResolutionCache - Resolution chrome112=112.0.5615.49 in cache (valid until 13:38:04 02/05/2023 EEST)
[INFO ] 2023-05-01 12:49:24.509 [main] WebDriverManager - Using chromedriver 112.0.5615.49 (resolved driver for Chrome 112)
[DEBUG] 2023-05-01 12:49:24.519 [main] WebDriverManager - Driver chromedriver 112.0.5615.49 found in cache
[INFO ] 2023-05-01 12:49:24.520 [main] WebDriverManager - Exporting webdriver.chrome.driver as C:\Users\haide\.cache\selenium\chromedriver\win32\112.0.5615.49\chromedriver.exe
[WARN ] 2023-05-01 12:49:24.857 [Exec Stream Pumper] ReportManager - Starting ChromeDriver 112.0.5615.49 (bd2a7bcb881c11e8cfe3078709382934e3916914-refs/branch-heads/5615@{#936}) on port 3049
[WARN ] 2023-05-01 12:49:24.858 [Exec Stream Pumper] ReportManager - Only local connections are allowed.
[WARN ] 2023-05-01 12:49:24.858 [Exec Stream Pumper] ReportManager - Please see https://chromedriver.chromium.org/security-considerations for suggestions on keeping ChromeDriver safe.
[WARN ] 2023-05-01 12:49:24.863 [Exec Stream Pumper] ReportManager - ChromeDriver was started successfully.
[INFO ] 2023-05-01 12:49:25.774 [main] ReportManager - Successfully Opened: "WINDOWS | Chrome".
[INFO ] 2023-05-01 12:49:25.870 [main] ReportManager - 
------------------------------------------------------------------------------------------------------------------------------------------------
                                        Starting Execution: '1 out of 4' test cases in the current suite                                        
                                            Test Method: 'GuiTests.BaTest.Validate_data_in_home_page'                                            
                                              Test Description: 'Price, Currency, Type are valid '                                              
------------------------------------------------------------------------------------------------------------------------------------------------

[INFO ] 2023-05-01 12:49:25.899 [main] ReportManager - Target URL: "nullba-en"
[INFO ] 2023-05-01 12:49:25.939 [main] ReportManager - Navigate to url "nullba-en".
[INFO ] 2023-05-01 12:49:35.214 [main] ReportManager - Failed to Get text from "By.xpath: /html/body/div[1]/div[3]/div/div/div/div[1]/div[2]/h4".
[ERROR] 2023-05-01 12:49:35.227 [main] ReportManager - org.openqa.selenium.NoSuchWindowException: no such window: target window already closed
from unknown error: web view not found
  (Session info: chrome=112.0.5615.138)
Build info: version: '4.9.0', revision: 'd7057100a6'
System info: os.name: 'Windows 11', os.arch: 'amd64', os.version: '10.0', java.version: '17.0.7'
Driver info: org.openqa.selenium.chrome.ChromeDriver
Command: [5a53d4f17c84fa558abb06a0b20a302e, executeCdpCommand {cmd=Page.getLayoutMetrics, params={}}]
Capabilities {acceptInsecureCerts: true, browserName: chrome, browserVersion: 112.0.5615.138, chrome: {chromedriverVersion: 112.0.5615.49 (bd2a7bcb881c..., userDataDir: C:\Users\haide\AppData\Loca...}, goog:chromeOptions: {debuggerAddress: localhost:56671}, networkConnectionEnabled: false, pageLoadStrategy: none, platformName: WINDOWS, proxy: Proxy(), se:cdp: ws://localhost:56671/devtoo..., se:cdpVersion: 112.0.5615.138, setWindowRect: true, strictFileInteractability: false, timeouts: {implicit: 0, pageLoad: 60000, script: 30000}, unhandledPromptBehavior: accept and notify, webauthn:extension:credBlob: true, webauthn:extension:largeBlob: true, webauthn:extension:minPinLength: true, webauthn:extension:prf: true, webauthn:virtualAuthenticators: true}
Session ID: 5a53d4f17c84fa558abb06a0b20a302e
 java.base/jdk.internal.reflect.NativeConstructorAccessorImpl.newInstance0(Native Method)
 java.base/jdk.internal.reflect.NativeConstructorAccessorImpl.newInstance(NativeConstructorAccessorImpl.java:77)
 java.base/jdk.internal.reflect.DelegatingConstructorAccessorImpl.newInstance(DelegatingConstructorAccessorImpl.java:45)
 java.base/java.lang.reflect.Constructor.newInstanceWithCaller(Constructor.java:499)
 java.base/java.lang.reflect.Constructor.newInstance(Constructor.java:480)
 org.openqa.selenium.remote.codec.w3c.W3CHttpResponseCodec.createException(W3CHttpResponseCodec.java:200)
 org.openqa.selenium.remote.codec.w3c.W3CHttpResponseCodec.decode(W3CHttpResponseCodec.java:133)
 org.openqa.selenium.remote.codec.w3c.W3CHttpResponseCodec.decode(W3CHttpResponseCodec.java:53)
 org.openqa.selenium.remote.HttpCommandExecutor.execute(HttpCommandExecutor.java:193)
 org.openqa.selenium.remote.service.DriverCommandExecutor.invokeExecute(DriverCommandExecutor.java:183)
 org.openqa.selenium.remote.service.DriverCommandExecutor.execute(DriverCommandExecutor.java:158)
 org.openqa.selenium.remote.RemoteWebDriver.execute(RemoteWebDriver.java:543)
 org.openqa.selenium.remote.RemoteWebDriver.execute(RemoteWebDriver.java:598)
 org.openqa.selenium.remote.RemoteExecuteMethod.execute(RemoteExecuteMethod.java:40)
 org.openqa.selenium.chromium.AddHasCdp$1.executeCdpCommand(AddHasCdp.java:58)
 org.openqa.selenium.chromium.ChromiumDriver.executeCdpCommand(ChromiumDriver.java:212)
 com.shaft.gui.internal.image.ScreenshotHelper.makeFullScreenshot(ScreenshotHelper.java:32)
 com.shaft.gui.internal.image.ScreenshotManager.takeFullPageScreenshot(ScreenshotManager.java:258)
 com.shaft.gui.internal.image.ScreenshotManager.takeScreenshot(ScreenshotManager.java:432)
 com.shaft.gui.internal.image.ScreenshotManager.internalCaptureScreenShot(ScreenshotManager.java:378)
 com.shaft.gui.internal.image.ScreenshotManager.captureScreenShot(ScreenshotManager.java:123)
 com.shaft.validation.internal.ValidationsHelper.reportValidationState(ValidationsHelper.java:688)
 com.shaft.validation.internal.ValidationsHelper.fail(ValidationsHelper.java:450)
 com.shaft.validation.internal.ValidationsHelper.validateElementAttribute(ValidationsHelper.java:165)
 com.shaft.validation.internal.ValidationsExecutor.perform(ValidationsExecutor.java:149)
 GuiTests.BaTest.Validate_data_in_home_page(BaTest.java:42)
 java.base/jdk.internal.reflect.NativeMethodAccessorImpl.invoke0(Native Method)
 java.base/jdk.internal.reflect.NativeMethodAccessorImpl.invoke(NativeMethodAccessorImpl.java:77)
 java.base/jdk.internal.reflect.DelegatingMethodAccessorImpl.invoke(DelegatingMethodAccessorImpl.java:43)
 java.base/java.lang.reflect.Method.invoke(Method.java:568)
 org.testng.internal.invokers.MethodInvocationHelper.invokeMethod(MethodInvocationHelper.java:139)
 org.testng.internal.invokers.TestInvoker.invokeMethod(TestInvoker.java:677)
 org.testng.internal.invokers.TestInvoker.invokeTestMethod(TestInvoker.java:221)
 org.testng.internal.invokers.MethodRunner.runInSequence(MethodRunner.java:50)
 org.testng.internal.invokers.TestInvoker$MethodInvocationAgent.invoke(TestInvoker.java:969)
 org.testng.internal.invokers.TestInvoker.invokeTestMethods(TestInvoker.java:194)
 org.testng.internal.invokers.TestMethodWorker.invokeTestMethods(TestMethodWorker.java:148)
 org.testng.internal.invokers.TestMethodWorker.run(TestMethodWorker.java:128)
 java.base/java.util.ArrayList.forEach(ArrayList.java:1511)
 org.testng.TestRunner.privateRun(TestRunner.java:829)
 org.testng.TestRunner.run(TestRunner.java:602)
 org.testng.SuiteRunner.runTest(SuiteRunner.java:437)
 org.testng.SuiteRunner.runSequentially(SuiteRunner.java:431)
 org.testng.SuiteRunner.privateRun(SuiteRunner.java:391)
 org.testng.SuiteRunner.run(SuiteRunner.java:330)
 org.testng.SuiteRunnerWorker.runSuite(SuiteRunnerWorker.java:52)
 org.testng.SuiteRunnerWorker.run(SuiteRunnerWorker.java:95)
 org.testng.TestNG.runSuitesSequentially(TestNG.java:1256)
 org.testng.TestNG.runSuitesLocally(TestNG.java:1176)
 org.testng.TestNG.runSuites(TestNG.java:1099)
 org.testng.TestNG.run(TestNG.java:1067)
 org.apache.maven.surefire.testng.TestNGExecutor.run(TestNGExecutor.java:155)
 org.apache.maven.surefire.testng.TestNGDirectoryTestSuite.executeMulti(TestNGDirectoryTestSuite.java:169)
 org.apache.maven.surefire.testng.TestNGDirectoryTestSuite.execute(TestNGDirectoryTestSuite.java:88)
 org.apache.maven.surefire.testng.TestNGProvider.invoke(TestNGProvider.java:137)
 org.apache.maven.surefire.booter.ForkedBooter.runSuitesInProcess(ForkedBooter.java:385)
 org.apache.maven.surefire.booter.ForkedBooter.execute(ForkedBooter.java:162)
 org.apache.maven.surefire.booter.ForkedBooter.run(ForkedBooter.java:507)
 org.apache.maven.surefire.booter.ForkedBooter.main(ForkedBooter.java:495)
[ERROR] 2023-05-01 12:49:35.231 [main] ReportManager - org.openqa.selenium.NoSuchWindowException: no such window: target window already closed
from unknown error: web view not found
  (Session info: chrome=112.0.5615.138)
Build info: version: '4.9.0', revision: 'd7057100a6'
System info: os.name: 'Windows 11', os.arch: 'amd64', os.version: '10.0', java.version: '17.0.7'
Driver info: org.openqa.selenium.chrome.ChromeDriver
Command: [5a53d4f17c84fa558abb06a0b20a302e, screenshot {}]
Capabilities {acceptInsecureCerts: true, browserName: chrome, browserVersion: 112.0.5615.138, chrome: {chromedriverVersion: 112.0.5615.49 (bd2a7bcb881c..., userDataDir: C:\Users\haide\AppData\Loca...}, goog:chromeOptions: {debuggerAddress: localhost:56671}, networkConnectionEnabled: false, pageLoadStrategy: none, platformName: WINDOWS, proxy: Proxy(), se:cdp: ws://localhost:56671/devtoo..., se:cdpVersion: 112.0.5615.138, setWindowRect: true, strictFileInteractability: false, timeouts: {implicit: 0, pageLoad: 60000, script: 30000}, unhandledPromptBehavior: accept and notify, webauthn:extension:credBlob: true, webauthn:extension:largeBlob: true, webauthn:extension:minPinLength: true, webauthn:extension:prf: true, webauthn:virtualAuthenticators: true}
Session ID: 5a53d4f17c84fa558abb06a0b20a302e
 java.base/jdk.internal.reflect.NativeConstructorAccessorImpl.newInstance0(Native Method)
 java.base/jdk.internal.reflect.NativeConstructorAccessorImpl.newInstance(NativeConstructorAccessorImpl.java:77)
 java.base/jdk.internal.reflect.DelegatingConstructorAccessorImpl.newInstance(DelegatingConstructorAccessorImpl.java:45)
 java.base/java.lang.reflect.Constructor.newInstanceWithCaller(Constructor.java:499)
 java.base/java.lang.reflect.Constructor.newInstance(Constructor.java:480)
 org.openqa.selenium.remote.codec.w3c.W3CHttpResponseCodec.createException(W3CHttpResponseCodec.java:200)
 org.openqa.selenium.remote.codec.w3c.W3CHttpResponseCodec.decode(W3CHttpResponseCodec.java:133)
 org.openqa.selenium.remote.codec.w3c.W3CHttpResponseCodec.decode(W3CHttpResponseCodec.java:53)
 org.openqa.selenium.remote.HttpCommandExecutor.execute(HttpCommandExecutor.java:193)
 org.openqa.selenium.remote.service.DriverCommandExecutor.invokeExecute(DriverCommandExecutor.java:183)
 org.openqa.selenium.remote.service.DriverCommandExecutor.execute(DriverCommandExecutor.java:158)
 org.openqa.selenium.remote.RemoteWebDriver.execute(RemoteWebDriver.java:543)
 org.openqa.selenium.remote.RemoteWebDriver.execute(RemoteWebDriver.java:598)
 org.openqa.selenium.remote.RemoteWebDriver.execute(RemoteWebDriver.java:602)
 org.openqa.selenium.remote.RemoteWebDriver.getScreenshotAs(RemoteWebDriver.java:318)
 com.shaft.gui.internal.image.ScreenshotManager.takeViewportScreenshot(ScreenshotManager.java:235)
 com.shaft.gui.internal.image.ScreenshotManager.takeFullPageScreenshot(ScreenshotManager.java:262)
 com.shaft.gui.internal.image.ScreenshotManager.takeScreenshot(ScreenshotManager.java:432)
 com.shaft.gui.internal.image.ScreenshotManager.internalCaptureScreenShot(ScreenshotManager.java:378)
 com.shaft.gui.internal.image.ScreenshotManager.captureScreenShot(ScreenshotManager.java:123)
 com.shaft.validation.internal.ValidationsHelper.reportValidationState(ValidationsHelper.java:688)
 com.shaft.validation.internal.ValidationsHelper.fail(ValidationsHelper.java:450)
 com.shaft.validation.internal.ValidationsHelper.validateElementAttribute(ValidationsHelper.java:165)
 com.shaft.validation.internal.ValidationsExecutor.perform(ValidationsExecutor.java:149)
 GuiTests.BaTest.Validate_data_in_home_page(BaTest.java:42)
 java.base/jdk.internal.reflect.NativeMethodAccessorImpl.invoke0(Native Method)
 java.base/jdk.internal.reflect.NativeMethodAccessorImpl.invoke(NativeMethodAccessorImpl.java:77)
 java.base/jdk.internal.reflect.DelegatingMethodAccessorImpl.invoke(DelegatingMethodAccessorImpl.java:43)
 java.base/java.lang.reflect.Method.invoke(Method.java:568)
 org.testng.internal.invokers.MethodInvocationHelper.invokeMethod(MethodInvocationHelper.java:139)
 org.testng.internal.invokers.TestInvoker.invokeMethod(TestInvoker.java:677)
 org.testng.internal.invokers.TestInvoker.invokeTestMethod(TestInvoker.java:221)
 org.testng.internal.invokers.MethodRunner.runInSequence(MethodRunner.java:50)
 org.testng.internal.invokers.TestInvoker$MethodInvocationAgent.invoke(TestInvoker.java:969)
 org.testng.internal.invokers.TestInvoker.invokeTestMethods(TestInvoker.java:194)
 org.testng.internal.invokers.TestMethodWorker.invokeTestMethods(TestMethodWorker.java:148)
 org.testng.internal.invokers.TestMethodWorker.run(TestMethodWorker.java:128)
 java.base/java.util.ArrayList.forEach(ArrayList.java:1511)
 org.testng.TestRunner.privateRun(TestRunner.java:829)
 org.testng.TestRunner.run(TestRunner.java:602)
 org.testng.SuiteRunner.runTest(SuiteRunner.java:437)
 org.testng.SuiteRunner.runSequentially(SuiteRunner.java:431)
 org.testng.SuiteRunner.privateRun(SuiteRunner.java:391)
 org.testng.SuiteRunner.run(SuiteRunner.java:330)
 org.testng.SuiteRunnerWorker.runSuite(SuiteRunnerWorker.java:52)
 org.testng.SuiteRunnerWorker.run(SuiteRunnerWorker.java:95)
 org.testng.TestNG.runSuitesSequentially(TestNG.java:1256)
 org.testng.TestNG.runSuitesLocally(TestNG.java:1176)
 org.testng.TestNG.runSuites(TestNG.java:1099)
 org.testng.TestNG.run(TestNG.java:1067)
 org.apache.maven.surefire.testng.TestNGExecutor.run(TestNGExecutor.java:155)
 org.apache.maven.surefire.testng.TestNGDirectoryTestSuite.executeMulti(TestNGDirectoryTestSuite.java:169)
 org.apache.maven.surefire.testng.TestNGDirectoryTestSuite.execute(TestNGDirectoryTestSuite.java:88)
 org.apache.maven.surefire.testng.TestNGProvider.invoke(TestNGProvider.java:137)
 org.apache.maven.surefire.booter.ForkedBooter.runSuitesInProcess(ForkedBooter.java:385)
 org.apache.maven.surefire.booter.ForkedBooter.execute(ForkedBooter.java:162)
 org.apache.maven.surefire.booter.ForkedBooter.run(ForkedBooter.java:507)
 org.apache.maven.surefire.booter.ForkedBooter.main(ForkedBooter.java:495)
[ERROR] 2023-05-01 12:49:35.234 [main] ReportManager - org.openqa.selenium.NoSuchWindowException: no such window: target window already closed
from unknown error: web view not found
  (Session info: chrome=112.0.5615.138)
Build info: version: '4.9.0', revision: 'd7057100a6'
System info: os.name: 'Windows 11', os.arch: 'amd64', os.version: '10.0', java.version: '17.0.7'
Driver info: org.openqa.selenium.chrome.ChromeDriver
Command: [5a53d4f17c84fa558abb06a0b20a302e, screenshot {}]
Capabilities {acceptInsecureCerts: true, browserName: chrome, browserVersion: 112.0.5615.138, chrome: {chromedriverVersion: 112.0.5615.49 (bd2a7bcb881c..., userDataDir: C:\Users\haide\AppData\Loca...}, goog:chromeOptions: {debuggerAddress: localhost:56671}, networkConnectionEnabled: false, pageLoadStrategy: none, platformName: WINDOWS, proxy: Proxy(), se:cdp: ws://localhost:56671/devtoo..., se:cdpVersion: 112.0.5615.138, setWindowRect: true, strictFileInteractability: false, timeouts: {implicit: 0, pageLoad: 60000, script: 30000}, unhandledPromptBehavior: accept and notify, webauthn:extension:credBlob: true, webauthn:extension:largeBlob: true, webauthn:extension:minPinLength: true, webauthn:extension:prf: true, webauthn:virtualAuthenticators: true}
Session ID: 5a53d4f17c84fa558abb06a0b20a302e
 java.base/jdk.internal.reflect.NativeConstructorAccessorImpl.newInstance0(Native Method)
 java.base/jdk.internal.reflect.NativeConstructorAccessorImpl.newInstance(NativeConstructorAccessorImpl.java:77)
 java.base/jdk.internal.reflect.DelegatingConstructorAccessorImpl.newInstance(DelegatingConstructorAccessorImpl.java:45)
 java.base/java.lang.reflect.Constructor.newInstanceWithCaller(Constructor.java:499)
 java.base/java.lang.reflect.Constructor.newInstance(Constructor.java:480)
 org.openqa.selenium.remote.codec.w3c.W3CHttpResponseCodec.createException(W3CHttpResponseCodec.java:200)
 org.openqa.selenium.remote.codec.w3c.W3CHttpResponseCodec.decode(W3CHttpResponseCodec.java:133)
 org.openqa.selenium.remote.codec.w3c.W3CHttpResponseCodec.decode(W3CHttpResponseCodec.java:53)
 org.openqa.selenium.remote.HttpCommandExecutor.execute(HttpCommandExecutor.java:193)
 org.openqa.selenium.remote.service.DriverCommandExecutor.invokeExecute(DriverCommandExecutor.java:183)
 org.openqa.selenium.remote.service.DriverCommandExecutor.execute(DriverCommandExecutor.java:158)
 org.openqa.selenium.remote.RemoteWebDriver.execute(RemoteWebDriver.java:543)
 org.openqa.selenium.remote.RemoteWebDriver.execute(RemoteWebDriver.java:598)
 org.openqa.selenium.remote.RemoteWebDriver.execute(RemoteWebDriver.java:602)
 org.openqa.selenium.remote.RemoteWebDriver.getScreenshotAs(RemoteWebDriver.java:318)
 com.shaft.gui.internal.image.ScreenshotManager.takeViewportScreenshot(ScreenshotManager.java:235)
 com.shaft.gui.internal.image.ScreenshotManager.takeScreenshot(ScreenshotManager.java:440)
 com.shaft.gui.internal.image.ScreenshotManager.takeScreenshot(ScreenshotManager.java:436)
 com.shaft.gui.internal.image.ScreenshotManager.internalCaptureScreenShot(ScreenshotManager.java:378)
 com.shaft.gui.internal.image.ScreenshotManager.captureScreenShot(ScreenshotManager.java:123)
 com.shaft.validation.internal.ValidationsHelper.reportValidationState(ValidationsHelper.java:688)
 com.shaft.validation.internal.ValidationsHelper.fail(ValidationsHelper.java:450)
 com.shaft.validation.internal.ValidationsHelper.validateElementAttribute(ValidationsHelper.java:165)
 com.shaft.validation.internal.ValidationsExecutor.perform(ValidationsExecutor.java:149)
 GuiTests.BaTest.Validate_data_in_home_page(BaTest.java:42)
 java.base/jdk.internal.reflect.NativeMethodAccessorImpl.invoke0(Native Method)
 java.base/jdk.internal.reflect.NativeMethodAccessorImpl.invoke(NativeMethodAccessorImpl.java:77)
 java.base/jdk.internal.reflect.DelegatingMethodAccessorImpl.invoke(DelegatingMethodAccessorImpl.java:43)
 java.base/java.lang.reflect.Method.invoke(Method.java:568)
 org.testng.internal.invokers.MethodInvocationHelper.invokeMethod(MethodInvocationHelper.java:139)
 org.testng.internal.invokers.TestInvoker.invokeMethod(TestInvoker.java:677)
 org.testng.internal.invokers.TestInvoker.invokeTestMethod(TestInvoker.java:221)
 org.testng.internal.invokers.MethodRunner.runInSequence(MethodRunner.java:50)
 org.testng.internal.invokers.TestInvoker$MethodInvocationAgent.invoke(TestInvoker.java:969)
 org.testng.internal.invokers.TestInvoker.invokeTestMethods(TestInvoker.java:194)
 org.testng.internal.invokers.TestMethodWorker.invokeTestMethods(TestMethodWorker.java:148)
 org.testng.internal.invokers.TestMethodWorker.run(TestMethodWorker.java:128)
 java.base/java.util.ArrayList.forEach(ArrayList.java:1511)
 org.testng.TestRunner.privateRun(TestRunner.java:829)
 org.testng.TestRunner.run(TestRunner.java:602)
 org.testng.SuiteRunner.runTest(SuiteRunner.java:437)
 org.testng.SuiteRunner.runSequentially(SuiteRunner.java:431)
 org.testng.SuiteRunner.privateRun(SuiteRunner.java:391)
 org.testng.SuiteRunner.run(SuiteRunner.java:330)
 org.testng.SuiteRunnerWorker.runSuite(SuiteRunnerWorker.java:52)
 org.testng.SuiteRunnerWorker.run(SuiteRunnerWorker.java:95)
 org.testng.TestNG.runSuitesSequentially(TestNG.java:1256)
 org.testng.TestNG.runSuitesLocally(TestNG.java:1176)
 org.testng.TestNG.runSuites(TestNG.java:1099)
 org.testng.TestNG.run(TestNG.java:1067)
 org.apache.maven.surefire.testng.TestNGExecutor.run(TestNGExecutor.java:155)
 org.apache.maven.surefire.testng.TestNGDirectoryTestSuite.executeMulti(TestNGDirectoryTestSuite.java:169)
 org.apache.maven.surefire.testng.TestNGDirectoryTestSuite.execute(TestNGDirectoryTestSuite.java:88)
 org.apache.maven.surefire.testng.TestNGProvider.invoke(TestNGProvider.java:137)
 org.apache.maven.surefire.booter.ForkedBooter.runSuitesInProcess(ForkedBooter.java:385)
 org.apache.maven.surefire.booter.ForkedBooter.execute(ForkedBooter.java:162)
 org.apache.maven.surefire.booter.ForkedBooter.run(ForkedBooter.java:507)
 org.apache.maven.surefire.booter.ForkedBooter.main(ForkedBooter.java:495)
[INFO ] 2023-05-01 12:49:35.235 [main] ReportManager - Assertion "ValidateElementAttribute" FAILED. Expected "Value Should be 'CLASSIC' for the 'text' attribute, element locator 'By.xpath: /html/body/div[1]/div[3]/div/div/div/div[1]/div[2]/h4'" and Actual "Failed to read the desired element attribute". Comparison Type "CONTAINS". Validation Type "POSITIVE".
[INFO ] 2023-05-01 12:49:35.236 [main] ReportManager - Successfully created attachment 'Validation Test Data - Failure Reason'
[INFO ] 2023-05-01 12:49:35.240 [main] ReportManager - Successfully created attachment 'Validations helper - Get  stack  trace - Exception Stacktrace'
[INFO ] 2023-05-01 12:49:35.246 [main] ReportManager - Successfully created attachment 'SHAFT Engine Logs - Current Method log: beforeMethod'
[INFO ] 2023-05-01 12:49:35.247 [main] ReportManager - Successfully created attachment 'SHAFT Engine Logs - Current Method log: Validate_data_in_home_page'
[INFO ] 2023-05-01 12:49:35.259 [main] ReportManager - 
------------------------------------------------------------------------------------------------------------------------------------------------
                                             Starting execution of after method configuration method                                             
                                                          'GuiTests.BaTest.AfterMethod'                                                          
------------------------------------------------------------------------------------------------------------------------------------------------

[INFO ] 2023-05-01 12:49:42.464 [main] ReportManager - Successfully Closed Driver.
[ERROR] 2023-05-01 12:49:42.472 [main] AllureLifecycle - Could not add attachment: no test is running
[INFO ] 2023-05-01 12:49:42.473 [main] ReportManager - Successfully created attachment 'SHAFT Engine Logs - Current Method log: AfterMethod'
[INFO ] 2023-05-01 12:49:42.496 [main] ReportManager - 
------------------------------------------------------------------------------------------------------------------------------------------------
                                            Starting execution of before method configuration method                                            
                                                         'GuiTests.EgTest.beforeMethod'                                                         
------------------------------------------------------------------------------------------------------------------------------------------------

[INFO ] 2023-05-01 12:49:42.499 [main] ReportManager - Setting "targetOperatingSystem" property with "WINDOWS".
[INFO ] 2023-05-01 12:49:42.500 [main] ReportManager - File Action "DoesFileExist" successfully performed. With the following test data "File Path: "target/downloadedFiles/"".
[INFO ] 2023-05-01 12:49:42.501 [main] ReportManager - File Action "GetAbsolutePath" successfully performed. With the following test data "Relative Folder Path: "src/test/resources/testDataFiles/target/downloadedFiles/"".
[INFO ] 2023-05-01 12:49:42.502 [main] ReportManager - File Action "DoesFileExist" successfully performed. With the following test data "File Path: "target/downloadedFiles/"".
[INFO ] 2023-05-01 12:49:42.502 [main] ReportManager - File Action "GetAbsolutePath" successfully performed. With the following test data "Relative Folder Path: "src/test/resources/testDataFiles/target/downloadedFiles/"".
[INFO ] 2023-05-01 12:49:42.503 [main] ReportManager - Attempting to run locally on: "WINDOWS | Chrome".
[INFO ] 2023-05-01 12:49:42.503 [main] ReportManager - Identifying OS/Driver combination and selecting the correct driver version automatically. Please note that if a new driver executable will be downloaded it may take some time...
[DEBUG] 2023-05-01 12:49:42.509 [main] ResolutionCache - Resolution chrome=112 in cache (valid until 14:38:04 01/05/2023 EEST)
[DEBUG] 2023-05-01 12:49:42.509 [main] ResolutionCache - Resolution chrome112=112.0.5615.49 in cache (valid until 13:38:04 02/05/2023 EEST)
[INFO ] 2023-05-01 12:49:42.509 [main] WebDriverManager - Using chromedriver 112.0.5615.49 (resolved driver for Chrome 112)
[DEBUG] 2023-05-01 12:49:42.513 [main] WebDriverManager - Driver chromedriver 112.0.5615.49 found in cache
[INFO ] 2023-05-01 12:49:42.514 [main] WebDriverManager - Exporting webdriver.chrome.driver as C:\Users\haide\.cache\selenium\chromedriver\win32\112.0.5615.49\chromedriver.exe
[WARN ] 2023-05-01 12:49:42.551 [Exec Stream Pumper] ReportManager - Starting ChromeDriver 112.0.5615.49 (bd2a7bcb881c11e8cfe3078709382934e3916914-refs/branch-heads/5615@{#936}) on port 30575
[WARN ] 2023-05-01 12:49:42.551 [Exec Stream Pumper] ReportManager - Only local connections are allowed.
[WARN ] 2023-05-01 12:49:42.551 [Exec Stream Pumper] ReportManager - Please see https://chromedriver.chromium.org/security-considerations for suggestions on keeping ChromeDriver safe.
[WARN ] 2023-05-01 12:49:42.557 [Exec Stream Pumper] ReportManager - ChromeDriver was started successfully.
[INFO ] 2023-05-01 12:49:43.064 [main] ReportManager - Successfully Opened: "WINDOWS | Chrome".
[INFO ] 2023-05-01 12:49:43.067 [main] ReportManager - 
------------------------------------------------------------------------------------------------------------------------------------------------
                                        Starting Execution: '2 out of 4' test cases in the current suite                                        
                                            Test Method: 'GuiTests.EgTest.Validate_data_in_home_page'                                            
                                          Test Description: 'Check if Price, Currency, Type are valid '                                          
------------------------------------------------------------------------------------------------------------------------------------------------

[INFO ] 2023-05-01 12:49:43.076 [main] ReportManager - Target URL: "nulleg-en"
[INFO ] 2023-05-01 12:49:43.092 [main] ReportManager - Navigate to url "nulleg-en".
[INFO ] 2023-05-01 12:50:43.136 [main] ReportManager - Expected condition failed: waiting for com.shaft.gui.element.internal.ElementActionsHelper$$Lambda$840/0x0000000801594c00@3be5b40d (tried for 60 second(s) with 100 milliseconds interval) || no such element: Unable to locate element: {"method":"xpath","selector":"/html/body/div[1]/div[3]/div/div/div/div[1]/div[2]/h4"}
[INFO ] 2023-05-01 12:50:43.136 [main] ReportManager - Failed to Get text from "By.xpath: /html/body/div[1]/div[3]/div/div/div/div[1]/div[2]/h4".
[INFO ] 2023-05-01 12:50:43.917 [main] ReportManager - Assertion "ValidateElementAttribute" FAILED. Expected "Value Should be 'CLASSIC' for the 'text' attribute, element locator 'By.xpath: /html/body/div[1]/div[3]/div/div/div/div[1]/div[2]/h4'" and Actual "Failed to read the desired element attribute". Comparison Type "CONTAINS". Validation Type "POSITIVE".
[INFO ] 2023-05-01 12:50:43.923 [main] ReportManager - Successfully created attachment 'Screenshot - 1682938243293_Validate_data_in_home_page_ValidateElementAttribute_failed'
[INFO ] 2023-05-01 12:50:43.924 [main] ReportManager - Successfully created attachment 'Validation Test Data - Failure Reason'
[INFO ] 2023-05-01 12:50:43.925 [main] ReportManager - Successfully created attachment 'Validations helper - Get  stack  trace - Exception Stacktrace'
[INFO ] 2023-05-01 12:50:43.928 [main] ReportManager - Successfully created attachment 'SHAFT Engine Logs - Current Method log: beforeMethod'
[INFO ] 2023-05-01 12:50:43.928 [main] ReportManager - Successfully created attachment 'SHAFT Engine Logs - Current Method log: Validate_data_in_home_page'
[INFO ] 2023-05-01 12:50:43.930 [main] ReportManager - 
------------------------------------------------------------------------------------------------------------------------------------------------
                                             Starting execution of after method configuration method                                             
                                                          'GuiTests.EgTest.afterMethod'                                                          
------------------------------------------------------------------------------------------------------------------------------------------------

[INFO ] 2023-05-01 12:50:43.935 [main] ReportManager - Successfully created attachment 'Final Page Snapshot - afterMethod'
[INFO ] 2023-05-01 12:50:44.119 [main] ReportManager - Successfully Closed Driver.
[INFO ] 2023-05-01 12:50:44.119 [main] ReportManager - Driver is already closed.
[ERROR] 2023-05-01 12:50:44.120 [main] AllureLifecycle - Could not add attachment: no test is running
[INFO ] 2023-05-01 12:50:44.121 [main] ReportManager - Successfully created attachment 'SHAFT Engine Logs - Current Method log: afterMethod'
[INFO ] 2023-05-01 12:50:44.122 [main] ReportManager - 
------------------------------------------------------------------------------------------------------------------------------------------------
                                            Starting execution of before method configuration method                                            
                                                         'GuiTests.KuTest.beforeMethod'                                                         
------------------------------------------------------------------------------------------------------------------------------------------------

[INFO ] 2023-05-01 12:50:44.123 [main] ReportManager - Setting "targetOperatingSystem" property with "WINDOWS".
[INFO ] 2023-05-01 12:50:44.124 [main] ReportManager - File Action "DoesFileExist" successfully performed. With the following test data "File Path: "target/downloadedFiles/"".
[INFO ] 2023-05-01 12:50:44.124 [main] ReportManager - File Action "GetAbsolutePath" successfully performed. With the following test data "Relative Folder Path: "src/test/resources/testDataFiles/target/downloadedFiles/"".
[INFO ] 2023-05-01 12:50:44.125 [main] ReportManager - File Action "DoesFileExist" successfully performed. With the following test data "File Path: "target/downloadedFiles/"".
[INFO ] 2023-05-01 12:50:44.125 [main] ReportManager - File Action "GetAbsolutePath" successfully performed. With the following test data "Relative Folder Path: "src/test/resources/testDataFiles/target/downloadedFiles/"".
[INFO ] 2023-05-01 12:50:44.126 [main] ReportManager - Attempting to run locally on: "WINDOWS | Chrome".
[INFO ] 2023-05-01 12:50:44.126 [main] ReportManager - Identifying OS/Driver combination and selecting the correct driver version automatically. Please note that if a new driver executable will be downloaded it may take some time...
[DEBUG] 2023-05-01 12:50:44.130 [main] ResolutionCache - Resolution chrome=112 in cache (valid until 14:38:04 01/05/2023 EEST)
[DEBUG] 2023-05-01 12:50:44.131 [main] ResolutionCache - Resolution chrome112=112.0.5615.49 in cache (valid until 13:38:04 02/05/2023 EEST)
[INFO ] 2023-05-01 12:50:44.131 [main] WebDriverManager - Using chromedriver 112.0.5615.49 (resolved driver for Chrome 112)
[DEBUG] 2023-05-01 12:50:44.134 [main] WebDriverManager - Driver chromedriver 112.0.5615.49 found in cache
[INFO ] 2023-05-01 12:50:44.134 [main] WebDriverManager - Exporting webdriver.chrome.driver as C:\Users\haide\.cache\selenium\chromedriver\win32\112.0.5615.49\chromedriver.exe
[WARN ] 2023-05-01 12:50:44.164 [Exec Stream Pumper] ReportManager - Starting ChromeDriver 112.0.5615.49 (bd2a7bcb881c11e8cfe3078709382934e3916914-refs/branch-heads/5615@{#936}) on port 3740
[WARN ] 2023-05-01 12:50:44.164 [Exec Stream Pumper] ReportManager - Only local connections are allowed.
[WARN ] 2023-05-01 12:50:44.164 [Exec Stream Pumper] ReportManager - Please see https://chromedriver.chromium.org/security-considerations for suggestions on keeping ChromeDriver safe.
[WARN ] 2023-05-01 12:50:44.169 [Exec Stream Pumper] ReportManager - ChromeDriver was started successfully.
[INFO ] 2023-05-01 12:50:44.674 [main] ReportManager - Successfully Opened: "WINDOWS | Chrome".
[INFO ] 2023-05-01 12:50:44.677 [main] ReportManager - 
------------------------------------------------------------------------------------------------------------------------------------------------
                                        Starting Execution: '3 out of 4' test cases in the current suite                                        
                                            Test Method: 'GuiTests.KuTest.Validate_data_in_home_page'                                            
                                              Test Description: 'Price, Currency, Type are valid '                                              
------------------------------------------------------------------------------------------------------------------------------------------------

[INFO ] 2023-05-01 12:50:44.685 [main] ReportManager - Target URL: "nullku-en"
[INFO ] 2023-05-01 12:50:44.699 [main] ReportManager - Navigate to url "nullku-en".
[INFO ] 2023-05-01 12:50:45.919 [main] ReportManager - Failed to Get text from "By.xpath: /html/body/div[1]/div[3]/div/div/div/div[1]/div[2]/h4".
[ERROR] 2023-05-01 12:50:45.921 [main] ReportManager - org.openqa.selenium.NoSuchWindowException: no such window: target window already closed
from unknown error: web view not found
  (Session info: chrome=112.0.5615.138)
Build info: version: '4.9.0', revision: 'd7057100a6'
System info: os.name: 'Windows 11', os.arch: 'amd64', os.version: '10.0', java.version: '17.0.7'
Driver info: org.openqa.selenium.chrome.ChromeDriver
Command: [4496b6c87bbf1ba43435b8b9f08c46dc, screenshot {}]
Capabilities {acceptInsecureCerts: true, browserName: chrome, browserVersion: 112.0.5615.138, chrome: {chromedriverVersion: 112.0.5615.49 (bd2a7bcb881c..., userDataDir: C:\Users\haide\AppData\Loca...}, goog:chromeOptions: {debuggerAddress: localhost:56753}, networkConnectionEnabled: false, pageLoadStrategy: none, platformName: WINDOWS, proxy: Proxy(), se:cdp: ws://localhost:56753/devtoo..., se:cdpVersion: 112.0.5615.138, setWindowRect: true, strictFileInteractability: false, timeouts: {implicit: 0, pageLoad: 60000, script: 30000}, unhandledPromptBehavior: accept and notify, webauthn:extension:credBlob: true, webauthn:extension:largeBlob: true, webauthn:extension:minPinLength: true, webauthn:extension:prf: true, webauthn:virtualAuthenticators: true}
Session ID: 4496b6c87bbf1ba43435b8b9f08c46dc
 jdk.internal.reflect.GeneratedConstructorAccessor29.newInstance(Unknown Source)
 java.base/jdk.internal.reflect.DelegatingConstructorAccessorImpl.newInstance(DelegatingConstructorAccessorImpl.java:45)
 java.base/java.lang.reflect.Constructor.newInstanceWithCaller(Constructor.java:499)
 java.base/java.lang.reflect.Constructor.newInstance(Constructor.java:480)
 org.openqa.selenium.remote.codec.w3c.W3CHttpResponseCodec.createException(W3CHttpResponseCodec.java:200)
 org.openqa.selenium.remote.codec.w3c.W3CHttpResponseCodec.decode(W3CHttpResponseCodec.java:133)
 org.openqa.selenium.remote.codec.w3c.W3CHttpResponseCodec.decode(W3CHttpResponseCodec.java:53)
 org.openqa.selenium.remote.HttpCommandExecutor.execute(HttpCommandExecutor.java:193)
 org.openqa.selenium.remote.service.DriverCommandExecutor.invokeExecute(DriverCommandExecutor.java:183)
 org.openqa.selenium.remote.service.DriverCommandExecutor.execute(DriverCommandExecutor.java:158)
 org.openqa.selenium.remote.RemoteWebDriver.execute(RemoteWebDriver.java:543)
 org.openqa.selenium.remote.RemoteWebDriver.execute(RemoteWebDriver.java:598)
 org.openqa.selenium.remote.RemoteWebDriver.execute(RemoteWebDriver.java:602)
 org.openqa.selenium.remote.RemoteWebDriver.getScreenshotAs(RemoteWebDriver.java:318)
 com.shaft.gui.internal.image.ScreenshotManager.takeViewportScreenshot(ScreenshotManager.java:235)
 com.shaft.gui.internal.image.ScreenshotManager.takeScreenshot(ScreenshotManager.java:440)
 com.shaft.gui.internal.image.ScreenshotManager.internalCaptureScreenShot(ScreenshotManager.java:378)
 com.shaft.gui.internal.image.ScreenshotManager.captureScreenShot(ScreenshotManager.java:123)
 com.shaft.validation.internal.ValidationsHelper.reportValidationState(ValidationsHelper.java:688)
 com.shaft.validation.internal.ValidationsHelper.fail(ValidationsHelper.java:450)
 com.shaft.validation.internal.ValidationsHelper.validateElementAttribute(ValidationsHelper.java:165)
 com.shaft.validation.internal.ValidationsExecutor.perform(ValidationsExecutor.java:149)
 GuiTests.KuTest.Validate_data_in_home_page(KuTest.java:42)
 java.base/jdk.internal.reflect.NativeMethodAccessorImpl.invoke0(Native Method)
 java.base/jdk.internal.reflect.NativeMethodAccessorImpl.invoke(NativeMethodAccessorImpl.java:77)
 java.base/jdk.internal.reflect.DelegatingMethodAccessorImpl.invoke(DelegatingMethodAccessorImpl.java:43)
 java.base/java.lang.reflect.Method.invoke(Method.java:568)
 org.testng.internal.invokers.MethodInvocationHelper.invokeMethod(MethodInvocationHelper.java:139)
 org.testng.internal.invokers.TestInvoker.invokeMethod(TestInvoker.java:677)
 org.testng.internal.invokers.TestInvoker.invokeTestMethod(TestInvoker.java:221)
 org.testng.internal.invokers.MethodRunner.runInSequence(MethodRunner.java:50)
 org.testng.internal.invokers.TestInvoker$MethodInvocationAgent.invoke(TestInvoker.java:969)
 org.testng.internal.invokers.TestInvoker.invokeTestMethods(TestInvoker.java:194)
 org.testng.internal.invokers.TestMethodWorker.invokeTestMethods(TestMethodWorker.java:148)
 org.testng.internal.invokers.TestMethodWorker.run(TestMethodWorker.java:128)
 java.base/java.util.ArrayList.forEach(ArrayList.java:1511)
 org.testng.TestRunner.privateRun(TestRunner.java:829)
 org.testng.TestRunner.run(TestRunner.java:602)
 org.testng.SuiteRunner.runTest(SuiteRunner.java:437)
 org.testng.SuiteRunner.runSequentially(SuiteRunner.java:431)
 org.testng.SuiteRunner.privateRun(SuiteRunner.java:391)
 org.testng.SuiteRunner.run(SuiteRunner.java:330)
 org.testng.SuiteRunnerWorker.runSuite(SuiteRunnerWorker.java:52)
 org.testng.SuiteRunnerWorker.run(SuiteRunnerWorker.java:95)
 org.testng.TestNG.runSuitesSequentially(TestNG.java:1256)
 org.testng.TestNG.runSuitesLocally(TestNG.java:1176)
 org.testng.TestNG.runSuites(TestNG.java:1099)
 org.testng.TestNG.run(TestNG.java:1067)
 org.apache.maven.surefire.testng.TestNGExecutor.run(TestNGExecutor.java:155)
 org.apache.maven.surefire.testng.TestNGDirectoryTestSuite.executeMulti(TestNGDirectoryTestSuite.java:169)
 org.apache.maven.surefire.testng.TestNGDirectoryTestSuite.execute(TestNGDirectoryTestSuite.java:88)
 org.apache.maven.surefire.testng.TestNGProvider.invoke(TestNGProvider.java:137)
 org.apache.maven.surefire.booter.ForkedBooter.runSuitesInProcess(ForkedBooter.java:385)
 org.apache.maven.surefire.booter.ForkedBooter.execute(ForkedBooter.java:162)
 org.apache.maven.surefire.booter.ForkedBooter.run(ForkedBooter.java:507)
 org.apache.maven.surefire.booter.ForkedBooter.main(ForkedBooter.java:495)
[INFO ] 2023-05-01 12:50:45.922 [main] ReportManager - Assertion "ValidateElementAttribute" FAILED. Expected "Value Should be 'CLASSIC' for the 'text' attribute, element locator 'By.xpath: /html/body/div[1]/div[3]/div/div/div/div[1]/div[2]/h4'" and Actual "Failed to read the desired element attribute". Comparison Type "CONTAINS". Validation Type "POSITIVE".
[INFO ] 2023-05-01 12:50:45.923 [main] ReportManager - Successfully created attachment 'Validation Test Data - Failure Reason'
[INFO ] 2023-05-01 12:50:45.924 [main] ReportManager - Successfully created attachment 'Validations helper - Get  stack  trace - Exception Stacktrace'
[INFO ] 2023-05-01 12:50:45.926 [main] ReportManager - Successfully created attachment 'SHAFT Engine Logs - Current Method log: beforeMethod'
[INFO ] 2023-05-01 12:50:45.926 [main] ReportManager - Successfully created attachment 'SHAFT Engine Logs - Current Method log: Validate_data_in_home_page'
[INFO ] 2023-05-01 12:50:45.928 [main] ReportManager - 
------------------------------------------------------------------------------------------------------------------------------------------------
                                             Starting execution of after method configuration method                                             
                                                          'GuiTests.KuTest.AfterMethod'                                                          
------------------------------------------------------------------------------------------------------------------------------------------------

[INFO ] 2023-05-01 12:50:58.836 [main] ReportManager - Successfully Closed Driver.
[ERROR] 2023-05-01 12:50:58.840 [main] AllureLifecycle - Could not add attachment: no test is running
[INFO ] 2023-05-01 12:50:58.841 [main] ReportManager - Successfully created attachment 'SHAFT Engine Logs - Current Method log: AfterMethod'
[INFO ] 2023-05-01 12:50:58.847 [main] ReportManager - 
------------------------------------------------------------------------------------------------------------------------------------------------
                                            Starting execution of before method configuration method                                            
                                                         'GuiTests.SaTest.beforeMethod'                                                         
------------------------------------------------------------------------------------------------------------------------------------------------

[INFO ] 2023-05-01 12:50:58.849 [main] ReportManager - Setting "targetOperatingSystem" property with "WINDOWS".
[INFO ] 2023-05-01 12:50:58.849 [main] ReportManager - File Action "DoesFileExist" successfully performed. With the following test data "File Path: "target/downloadedFiles/"".
[INFO ] 2023-05-01 12:50:58.850 [main] ReportManager - File Action "GetAbsolutePath" successfully performed. With the following test data "Relative Folder Path: "src/test/resources/testDataFiles/target/downloadedFiles/"".
[INFO ] 2023-05-01 12:50:58.850 [main] ReportManager - File Action "DoesFileExist" successfully performed. With the following test data "File Path: "target/downloadedFiles/"".
[INFO ] 2023-05-01 12:50:58.850 [main] ReportManager - File Action "GetAbsolutePath" successfully performed. With the following test data "Relative Folder Path: "src/test/resources/testDataFiles/target/downloadedFiles/"".
[INFO ] 2023-05-01 12:50:58.851 [main] ReportManager - Attempting to run locally on: "WINDOWS | Chrome".
[INFO ] 2023-05-01 12:50:58.851 [main] ReportManager - Identifying OS/Driver combination and selecting the correct driver version automatically. Please note that if a new driver executable will be downloaded it may take some time...
[DEBUG] 2023-05-01 12:50:58.856 [main] ResolutionCache - Resolution chrome=112 in cache (valid until 14:38:04 01/05/2023 EEST)
[DEBUG] 2023-05-01 12:50:58.856 [main] ResolutionCache - Resolution chrome112=112.0.5615.49 in cache (valid until 13:38:04 02/05/2023 EEST)
[INFO ] 2023-05-01 12:50:58.856 [main] WebDriverManager - Using chromedriver 112.0.5615.49 (resolved driver for Chrome 112)
[DEBUG] 2023-05-01 12:50:58.859 [main] WebDriverManager - Driver chromedriver 112.0.5615.49 found in cache
[INFO ] 2023-05-01 12:50:58.860 [main] WebDriverManager - Exporting webdriver.chrome.driver as C:\Users\haide\.cache\selenium\chromedriver\win32\112.0.5615.49\chromedriver.exe
[WARN ] 2023-05-01 12:50:58.891 [Exec Stream Pumper] ReportManager - Starting ChromeDriver 112.0.5615.49 (bd2a7bcb881c11e8cfe3078709382934e3916914-refs/branch-heads/5615@{#936}) on port 16110
[WARN ] 2023-05-01 12:50:58.891 [Exec Stream Pumper] ReportManager - Only local connections are allowed.
[WARN ] 2023-05-01 12:50:58.891 [Exec Stream Pumper] ReportManager - Please see https://chromedriver.chromium.org/security-considerations for suggestions on keeping ChromeDriver safe.
[WARN ] 2023-05-01 12:50:58.896 [Exec Stream Pumper] ReportManager - ChromeDriver was started successfully.
[INFO ] 2023-05-01 12:50:59.394 [main] ReportManager - Successfully Opened: "WINDOWS | Chrome".
[INFO ] 2023-05-01 12:50:59.396 [main] ReportManager - 
------------------------------------------------------------------------------------------------------------------------------------------------
                                        Starting Execution: '4 out of 4' test cases in the current suite                                        
                                            Test Method: 'GuiTests.SaTest.Validate_data_in_home_page'                                            
                                              Test Description: 'Price, Currency, Type are valid '                                              
------------------------------------------------------------------------------------------------------------------------------------------------

[INFO ] 2023-05-01 12:50:59.403 [main] ReportManager - Target URL: "nullsa-en"
[INFO ] 2023-05-01 12:50:59.417 [main] ReportManager - Navigate to url "nullsa-en".
[INFO ] 2023-05-01 12:51:01.178 [main] ReportManager - Failed to Get text from "By.xpath: /html/body/div[1]/div[3]/div/div/div/div[1]/div[2]/h4".
[ERROR] 2023-05-01 12:51:01.180 [main] ReportManager - org.openqa.selenium.NoSuchWindowException: no such window: target window already closed
from unknown error: web view not found
  (Session info: chrome=112.0.5615.138)
Build info: version: '4.9.0', revision: 'd7057100a6'
System info: os.name: 'Windows 11', os.arch: 'amd64', os.version: '10.0', java.version: '17.0.7'
Driver info: org.openqa.selenium.chrome.ChromeDriver
Command: [257b7a68d83b0190d06127743d61d8b0, screenshot {}]
Capabilities {acceptInsecureCerts: true, browserName: chrome, browserVersion: 112.0.5615.138, chrome: {chromedriverVersion: 112.0.5615.49 (bd2a7bcb881c..., userDataDir: C:\Users\haide\AppData\Loca...}, goog:chromeOptions: {debuggerAddress: localhost:56775}, networkConnectionEnabled: false, pageLoadStrategy: none, platformName: WINDOWS, proxy: Proxy(), se:cdp: ws://localhost:56775/devtoo..., se:cdpVersion: 112.0.5615.138, setWindowRect: true, strictFileInteractability: false, timeouts: {implicit: 0, pageLoad: 60000, script: 30000}, unhandledPromptBehavior: accept and notify, webauthn:extension:credBlob: true, webauthn:extension:largeBlob: true, webauthn:extension:minPinLength: true, webauthn:extension:prf: true, webauthn:virtualAuthenticators: true}
Session ID: 257b7a68d83b0190d06127743d61d8b0
 jdk.internal.reflect.GeneratedConstructorAccessor29.newInstance(Unknown Source)
 java.base/jdk.internal.reflect.DelegatingConstructorAccessorImpl.newInstance(DelegatingConstructorAccessorImpl.java:45)
 java.base/java.lang.reflect.Constructor.newInstanceWithCaller(Constructor.java:499)
 java.base/java.lang.reflect.Constructor.newInstance(Constructor.java:480)
 org.openqa.selenium.remote.codec.w3c.W3CHttpResponseCodec.createException(W3CHttpResponseCodec.java:200)
 org.openqa.selenium.remote.codec.w3c.W3CHttpResponseCodec.decode(W3CHttpResponseCodec.java:133)
 org.openqa.selenium.remote.codec.w3c.W3CHttpResponseCodec.decode(W3CHttpResponseCodec.java:53)
 org.openqa.selenium.remote.HttpCommandExecutor.execute(HttpCommandExecutor.java:193)
 org.openqa.selenium.remote.service.DriverCommandExecutor.invokeExecute(DriverCommandExecutor.java:183)
 org.openqa.selenium.remote.service.DriverCommandExecutor.execute(DriverCommandExecutor.java:158)
 org.openqa.selenium.remote.RemoteWebDriver.execute(RemoteWebDriver.java:543)
 org.openqa.selenium.remote.RemoteWebDriver.execute(RemoteWebDriver.java:598)
 org.openqa.selenium.remote.RemoteWebDriver.execute(RemoteWebDriver.java:602)
 org.openqa.selenium.remote.RemoteWebDriver.getScreenshotAs(RemoteWebDriver.java:318)
 com.shaft.gui.internal.image.ScreenshotManager.takeViewportScreenshot(ScreenshotManager.java:235)
 com.shaft.gui.internal.image.ScreenshotManager.takeScreenshot(ScreenshotManager.java:440)
 com.shaft.gui.internal.image.ScreenshotManager.internalCaptureScreenShot(ScreenshotManager.java:378)
 com.shaft.gui.internal.image.ScreenshotManager.captureScreenShot(ScreenshotManager.java:123)
 com.shaft.validation.internal.ValidationsHelper.reportValidationState(ValidationsHelper.java:688)
 com.shaft.validation.internal.ValidationsHelper.fail(ValidationsHelper.java:450)
 com.shaft.validation.internal.ValidationsHelper.validateElementAttribute(ValidationsHelper.java:165)
 com.shaft.validation.internal.ValidationsExecutor.perform(ValidationsExecutor.java:149)
 GuiTests.SaTest.Validate_data_in_home_page(SaTest.java:42)
 java.base/jdk.internal.reflect.NativeMethodAccessorImpl.invoke0(Native Method)
 java.base/jdk.internal.reflect.NativeMethodAccessorImpl.invoke(NativeMethodAccessorImpl.java:77)
 java.base/jdk.internal.reflect.DelegatingMethodAccessorImpl.invoke(DelegatingMethodAccessorImpl.java:43)
 java.base/java.lang.reflect.Method.invoke(Method.java:568)
 org.testng.internal.invokers.MethodInvocationHelper.invokeMethod(MethodInvocationHelper.java:139)
 org.testng.internal.invokers.TestInvoker.invokeMethod(TestInvoker.java:677)
 org.testng.internal.invokers.TestInvoker.invokeTestMethod(TestInvoker.java:221)
 org.testng.internal.invokers.MethodRunner.runInSequence(MethodRunner.java:50)
 org.testng.internal.invokers.TestInvoker$MethodInvocationAgent.invoke(TestInvoker.java:969)
 org.testng.internal.invokers.TestInvoker.invokeTestMethods(TestInvoker.java:194)
 org.testng.internal.invokers.TestMethodWorker.invokeTestMethods(TestMethodWorker.java:148)
 org.testng.internal.invokers.TestMethodWorker.run(TestMethodWorker.java:128)
 java.base/java.util.ArrayList.forEach(ArrayList.java:1511)
 org.testng.TestRunner.privateRun(TestRunner.java:829)
 org.testng.TestRunner.run(TestRunner.java:602)
 org.testng.SuiteRunner.runTest(SuiteRunner.java:437)
 org.testng.SuiteRunner.runSequentially(SuiteRunner.java:431)
 org.testng.SuiteRunner.privateRun(SuiteRunner.java:391)
 org.testng.SuiteRunner.run(SuiteRunner.java:330)
 org.testng.SuiteRunnerWorker.runSuite(SuiteRunnerWorker.java:52)
 org.testng.SuiteRunnerWorker.run(SuiteRunnerWorker.java:95)
 org.testng.TestNG.runSuitesSequentially(TestNG.java:1256)
 org.testng.TestNG.runSuitesLocally(TestNG.java:1176)
 org.testng.TestNG.runSuites(TestNG.java:1099)
 org.testng.TestNG.run(TestNG.java:1067)
 org.apache.maven.surefire.testng.TestNGExecutor.run(TestNGExecutor.java:155)
 org.apache.maven.surefire.testng.TestNGDirectoryTestSuite.executeMulti(TestNGDirectoryTestSuite.java:169)
 org.apache.maven.surefire.testng.TestNGDirectoryTestSuite.execute(TestNGDirectoryTestSuite.java:88)
 org.apache.maven.surefire.testng.TestNGProvider.invoke(TestNGProvider.java:137)
 org.apache.maven.surefire.booter.ForkedBooter.runSuitesInProcess(ForkedBooter.java:385)
 org.apache.maven.surefire.booter.ForkedBooter.execute(ForkedBooter.java:162)
 org.apache.maven.surefire.booter.ForkedBooter.run(ForkedBooter.java:507)
 org.apache.maven.surefire.booter.ForkedBooter.main(ForkedBooter.java:495)
[INFO ] 2023-05-01 12:51:01.180 [main] ReportManager - Assertion "ValidateElementAttribute" FAILED. Expected "Value Should be 'CLASSIC' for the 'text' attribute, element locator 'By.xpath: /html/body/div[1]/div[3]/div/div/div/div[1]/div[2]/h4'" and Actual "Failed to read the desired element attribute". Comparison Type "CONTAINS". Validation Type "POSITIVE".
[INFO ] 2023-05-01 12:51:01.181 [main] ReportManager - Successfully created attachment 'Validation Test Data - Failure Reason'
[INFO ] 2023-05-01 12:51:01.182 [main] ReportManager - Successfully created attachment 'Validations helper - Get  stack  trace - Exception Stacktrace'
[INFO ] 2023-05-01 12:51:01.184 [main] ReportManager - Successfully created attachment 'SHAFT Engine Logs - Current Method log: beforeMethod'
[INFO ] 2023-05-01 12:51:01.184 [main] ReportManager - Successfully created attachment 'SHAFT Engine Logs - Current Method log: Validate_data_in_home_page'
[INFO ] 2023-05-01 12:51:01.187 [main] ReportManager - 
------------------------------------------------------------------------------------------------------------------------------------------------
                                             Starting execution of after method configuration method                                             
                                                          'GuiTests.SaTest.AfterMethod'                                                          
------------------------------------------------------------------------------------------------------------------------------------------------

[INFO ] 2023-05-01 12:51:15.467 [main] ReportManager - Successfully Closed Driver.
[ERROR] 2023-05-01 12:51:15.469 [main] AllureLifecycle - Could not add attachment: no test is running
[INFO ] 2023-05-01 12:51:15.470 [main] ReportManager - Successfully created attachment 'SHAFT Engine Logs - Current Method log: AfterMethod'
[INFO ] 2023-05-01 12:51:15.481 [main] ReportManager - 
------------------------------------------------------------------------------------------------------------------------------------------------
                                            Starting execution of suite teardown configuration method                                            
                                        'com.shaft.listeners.internal.ConfigurationHelper.suiteTeardown'                                        
------------------------------------------------------------------------------------------------------------------------------------------------

[INFO ] 2023-05-01 12:51:15.481 [main] ReportManager - Successfully created attachment 'SHAFT Engine Logs - Execution log'
[INFO ] 2023-05-01 12:51:15.481 [main] ReportManager - File Action "DoesFileExist" successfully performed. With the following test data "File Path: "target/logs/log4j.log"".
[INFO ] 2023-05-01 12:51:15.481 [main] ReportManager - File Action "GetAbsolutePath" successfully performed. With the following test data "Relative Folder Path: "target/logs/log4j.log"".
[INFO ] 2023-05-01 12:51:15.493 [main] ReportManager - File Action "ReadFileAsByteArray" successfully performed. With the following test data "File Path: "C:\Users\haide\Desktop\Shaft Example\target\logs\log4j.log"".
[INFO ] 2023-05-01 12:51:15.493 [main] ReportManager - File Action "DeleteFile" successfully performed. With the following test data "Target File Path: "target/logs/log4j.log"".
[INFO ] 2023-05-01 12:51:15.494 [main] ReportManager - Successfully created attachment 'SHAFT Engine Logs - Execution log: 20230501-125115'
[DEBUG] 2023-05-01 12:51:15.515 [main] cache - Couldn't find template in cache for "spark/spark.spa.ftl"("en_US", UTF-8, parsed); will try to load it.
[DEBUG] 2023-05-01 12:51:15.516 [main] cache - TemplateLoader.findTemplateSource("spark/spark.spa_en_US.ftl"): Not found
[DEBUG] 2023-05-01 12:51:15.516 [main] cache - TemplateLoader.findTemplateSource("spark/spark.spa_en.ftl"): Not found
[DEBUG] 2023-05-01 12:51:15.517 [main] cache - TemplateLoader.findTemplateSource("spark/spark.spa.ftl"): Found
[DEBUG] 2023-05-01 12:51:15.517 [main] cache - Loading template for "spark/spark.spa.ftl"("en_US", UTF-8, parsed) from "jar:file:/C:/Users/haide/.m2/repository/com/aventstack/extentreports/5.0.9/extentreports-5.0.9.jar!/com/aventstack/extentreports/templates/spark/spark.spa.ftl"
[DEBUG] 2023-05-01 12:51:15.587 [main] cache - Couldn't find template in cache for "commons/commons-variables.ftl"("en_US", UTF-8, parsed); will try to load it.
[DEBUG] 2023-05-01 12:51:15.587 [main] cache - TemplateLoader.findTemplateSource("commons/commons-variables_en_US.ftl"): Not found
[DEBUG] 2023-05-01 12:51:15.587 [main] cache - TemplateLoader.findTemplateSource("commons/commons-variables_en.ftl"): Not found
[DEBUG] 2023-05-01 12:51:15.587 [main] cache - TemplateLoader.findTemplateSource("commons/commons-variables.ftl"): Found
[DEBUG] 2023-05-01 12:51:15.587 [main] cache - Loading template for "commons/commons-variables.ftl"("en_US", UTF-8, parsed) from "jar:file:/C:/Users/haide/.m2/repository/com/aventstack/extentreports/5.0.9/extentreports-5.0.9.jar!/com/aventstack/extentreports/templates/commons/commons-variables.ftl"
[DEBUG] 2023-05-01 12:51:15.670 [main] cache - Couldn't find template in cache for "commons/commons-macros.ftl"("en_US", UTF-8, parsed); will try to load it.
[DEBUG] 2023-05-01 12:51:15.670 [main] cache - TemplateLoader.findTemplateSource("commons/commons-macros_en_US.ftl"): Not found
[DEBUG] 2023-05-01 12:51:15.670 [main] cache - TemplateLoader.findTemplateSource("commons/commons-macros_en.ftl"): Not found
[DEBUG] 2023-05-01 12:51:15.670 [main] cache - TemplateLoader.findTemplateSource("commons/commons-macros.ftl"): Found
[DEBUG] 2023-05-01 12:51:15.670 [main] cache - Loading template for "commons/commons-macros.ftl"("en_US", UTF-8, parsed) from "jar:file:/C:/Users/haide/.m2/repository/com/aventstack/extentreports/5.0.9/extentreports-5.0.9.jar!/com/aventstack/extentreports/templates/commons/commons-macros.ftl"
[DEBUG] 2023-05-01 12:51:15.675 [main] cache - Couldn't find template in cache for "spark/macros/attributes.ftl"("en_US", UTF-8, parsed); will try to load it.
[DEBUG] 2023-05-01 12:51:15.676 [main] cache - TemplateLoader.findTemplateSource("spark/macros/attributes_en_US.ftl"): Not found
[DEBUG] 2023-05-01 12:51:15.676 [main] cache - TemplateLoader.findTemplateSource("spark/macros/attributes_en.ftl"): Not found
[DEBUG] 2023-05-01 12:51:15.676 [main] cache - TemplateLoader.findTemplateSource("spark/macros/attributes.ftl"): Found
[DEBUG] 2023-05-01 12:51:15.676 [main] cache - Loading template for "spark/macros/attributes.ftl"("en_US", UTF-8, parsed) from "jar:file:/C:/Users/haide/.m2/repository/com/aventstack/extentreports/5.0.9/extentreports-5.0.9.jar!/com/aventstack/extentreports/templates/spark/macros/attributes.ftl"
[DEBUG] 2023-05-01 12:51:15.677 [main] cache - Couldn't find template in cache for "spark/macros/log.ftl"("en_US", UTF-8, parsed); will try to load it.
[DEBUG] 2023-05-01 12:51:15.678 [main] cache - TemplateLoader.findTemplateSource("spark/macros/log_en_US.ftl"): Not found
[DEBUG] 2023-05-01 12:51:15.678 [main] cache - TemplateLoader.findTemplateSource("spark/macros/log_en.ftl"): Not found
[DEBUG] 2023-05-01 12:51:15.678 [main] cache - TemplateLoader.findTemplateSource("spark/macros/log.ftl"): Found
[DEBUG] 2023-05-01 12:51:15.678 [main] cache - Loading template for "spark/macros/log.ftl"("en_US", UTF-8, parsed) from "jar:file:/C:/Users/haide/.m2/repository/com/aventstack/extentreports/5.0.9/extentreports-5.0.9.jar!/com/aventstack/extentreports/templates/spark/macros/log.ftl"
[DEBUG] 2023-05-01 12:51:15.679 [main] cache - Couldn't find template in cache for "spark/macros/recurse_nodes.ftl"("en_US", UTF-8, parsed); will try to load it.
[DEBUG] 2023-05-01 12:51:15.680 [main] cache - TemplateLoader.findTemplateSource("spark/macros/recurse_nodes_en_US.ftl"): Not found
[DEBUG] 2023-05-01 12:51:15.680 [main] cache - TemplateLoader.findTemplateSource("spark/macros/recurse_nodes_en.ftl"): Not found
[DEBUG] 2023-05-01 12:51:15.680 [main] cache - TemplateLoader.findTemplateSource("spark/macros/recurse_nodes.ftl"): Found
[DEBUG] 2023-05-01 12:51:15.680 [main] cache - Loading template for "spark/macros/recurse_nodes.ftl"("en_US", UTF-8, parsed) from "jar:file:/C:/Users/haide/.m2/repository/com/aventstack/extentreports/5.0.9/extentreports-5.0.9.jar!/com/aventstack/extentreports/templates/spark/macros/recurse_nodes.ftl"
[DEBUG] 2023-05-01 12:51:15.682 [main] cache - "spark/macros/log.ftl"("en_US", UTF-8, parsed) cached copy not yet stale; using cached.
[DEBUG] 2023-05-01 12:51:15.682 [main] cache - Couldn't find template in cache for "spark/macros/attr-common.ftl"("en_US", UTF-8, parsed); will try to load it.
[DEBUG] 2023-05-01 12:51:15.682 [main] cache - TemplateLoader.findTemplateSource("spark/macros/attr-common_en_US.ftl"): Not found
[DEBUG] 2023-05-01 12:51:15.683 [main] cache - TemplateLoader.findTemplateSource("spark/macros/attr-common_en.ftl"): Not found
[DEBUG] 2023-05-01 12:51:15.683 [main] cache - TemplateLoader.findTemplateSource("spark/macros/attr-common.ftl"): Found
[DEBUG] 2023-05-01 12:51:15.683 [main] cache - Loading template for "spark/macros/attr-common.ftl"("en_US", UTF-8, parsed) from "jar:file:/C:/Users/haide/.m2/repository/com/aventstack/extentreports/5.0.9/extentreports-5.0.9.jar!/com/aventstack/extentreports/templates/spark/macros/attr-common.ftl"
[DEBUG] 2023-05-01 12:51:15.687 [main] cache - Couldn't find template in cache for "spark/partials/head.ftl"("en_US", UTF-8, parsed); will try to load it.
[DEBUG] 2023-05-01 12:51:15.688 [main] cache - TemplateLoader.findTemplateSource("spark/partials/head_en_US.ftl"): Not found
[DEBUG] 2023-05-01 12:51:15.688 [main] cache - TemplateLoader.findTemplateSource("spark/partials/head_en.ftl"): Not found
[DEBUG] 2023-05-01 12:51:15.688 [main] cache - TemplateLoader.findTemplateSource("spark/partials/head.ftl"): Found
[DEBUG] 2023-05-01 12:51:15.688 [main] cache - Loading template for "spark/partials/head.ftl"("en_US", UTF-8, parsed) from "jar:file:/C:/Users/haide/.m2/repository/com/aventstack/extentreports/5.0.9/extentreports-5.0.9.jar!/com/aventstack/extentreports/templates/spark/partials/head.ftl"
[DEBUG] 2023-05-01 12:51:15.690 [main] cache - Couldn't find template in cache for "commons/commons-inject-css.ftl"("en_US", UTF-8, parsed); will try to load it.
[DEBUG] 2023-05-01 12:51:15.690 [main] cache - TemplateLoader.findTemplateSource("commons/commons-inject-css_en_US.ftl"): Not found
[DEBUG] 2023-05-01 12:51:15.690 [main] cache - TemplateLoader.findTemplateSource("commons/commons-inject-css_en.ftl"): Not found
[DEBUG] 2023-05-01 12:51:15.690 [main] cache - TemplateLoader.findTemplateSource("commons/commons-inject-css.ftl"): Found
[DEBUG] 2023-05-01 12:51:15.690 [main] cache - Loading template for "commons/commons-inject-css.ftl"("en_US", UTF-8, parsed) from "jar:file:/C:/Users/haide/.m2/repository/com/aventstack/extentreports/5.0.9/extentreports-5.0.9.jar!/com/aventstack/extentreports/templates/commons/commons-inject-css.ftl"
[DEBUG] 2023-05-01 12:51:15.691 [main] cache - Couldn't find template in cache for "spark/partials/navbar.ftl"("en_US", UTF-8, parsed); will try to load it.
[DEBUG] 2023-05-01 12:51:15.691 [main] cache - TemplateLoader.findTemplateSource("spark/partials/navbar_en_US.ftl"): Not found
[DEBUG] 2023-05-01 12:51:15.691 [main] cache - TemplateLoader.findTemplateSource("spark/partials/navbar_en.ftl"): Not found
[DEBUG] 2023-05-01 12:51:15.691 [main] cache - TemplateLoader.findTemplateSource("spark/partials/navbar.ftl"): Found
[DEBUG] 2023-05-01 12:51:15.691 [main] cache - Loading template for "spark/partials/navbar.ftl"("en_US", UTF-8, parsed) from "jar:file:/C:/Users/haide/.m2/repository/com/aventstack/extentreports/5.0.9/extentreports-5.0.9.jar!/com/aventstack/extentreports/templates/spark/partials/navbar.ftl"
[DEBUG] 2023-05-01 12:51:15.696 [main] cache - Couldn't find template in cache for "spark/partials/sidenav.ftl"("en_US", UTF-8, parsed); will try to load it.
[DEBUG] 2023-05-01 12:51:15.696 [main] cache - TemplateLoader.findTemplateSource("spark/partials/sidenav_en_US.ftl"): Not found
[DEBUG] 2023-05-01 12:51:15.697 [main] cache - TemplateLoader.findTemplateSource("spark/partials/sidenav_en.ftl"): Not found
[DEBUG] 2023-05-01 12:51:15.697 [main] cache - TemplateLoader.findTemplateSource("spark/partials/sidenav.ftl"): Found
[DEBUG] 2023-05-01 12:51:15.697 [main] cache - Loading template for "spark/partials/sidenav.ftl"("en_US", UTF-8, parsed) from "jar:file:/C:/Users/haide/.m2/repository/com/aventstack/extentreports/5.0.9/extentreports-5.0.9.jar!/com/aventstack/extentreports/templates/spark/partials/sidenav.ftl"
[DEBUG] 2023-05-01 12:51:15.704 [main] cache - Couldn't find template in cache for "spark/partials/dashboard.ftl"("en_US", UTF-8, parsed); will try to load it.
[DEBUG] 2023-05-01 12:51:15.704 [main] cache - TemplateLoader.findTemplateSource("spark/partials/dashboard_en_US.ftl"): Not found
[DEBUG] 2023-05-01 12:51:15.704 [main] cache - TemplateLoader.findTemplateSource("spark/partials/dashboard_en.ftl"): Not found
[DEBUG] 2023-05-01 12:51:15.704 [main] cache - TemplateLoader.findTemplateSource("spark/partials/dashboard.ftl"): Found
[DEBUG] 2023-05-01 12:51:15.704 [main] cache - Loading template for "spark/partials/dashboard.ftl"("en_US", UTF-8, parsed) from "jar:file:/C:/Users/haide/.m2/repository/com/aventstack/extentreports/5.0.9/extentreports-5.0.9.jar!/com/aventstack/extentreports/templates/spark/partials/dashboard.ftl"
[DEBUG] 2023-05-01 12:51:15.731 [main] cache - Couldn't find template in cache for "spark/partials/test.ftl"("en_US", UTF-8, parsed); will try to load it.
[DEBUG] 2023-05-01 12:51:15.731 [main] cache - TemplateLoader.findTemplateSource("spark/partials/test_en_US.ftl"): Not found
[DEBUG] 2023-05-01 12:51:15.731 [main] cache - TemplateLoader.findTemplateSource("spark/partials/test_en.ftl"): Not found
[DEBUG] 2023-05-01 12:51:15.731 [main] cache - TemplateLoader.findTemplateSource("spark/partials/test.ftl"): Found
[DEBUG] 2023-05-01 12:51:15.731 [main] cache - Loading template for "spark/partials/test.ftl"("en_US", UTF-8, parsed) from "jar:file:/C:/Users/haide/.m2/repository/com/aventstack/extentreports/5.0.9/extentreports-5.0.9.jar!/com/aventstack/extentreports/templates/spark/partials/test.ftl"
[DEBUG] 2023-05-01 12:51:15.736 [main] cache - Couldn't find template in cache for "spark/partials/standard-content.ftl"("en_US", UTF-8, parsed); will try to load it.
[DEBUG] 2023-05-01 12:51:15.737 [main] cache - TemplateLoader.findTemplateSource("spark/partials/standard-content_en_US.ftl"): Not found
[DEBUG] 2023-05-01 12:51:15.737 [main] cache - TemplateLoader.findTemplateSource("spark/partials/standard-content_en.ftl"): Not found
[DEBUG] 2023-05-01 12:51:15.737 [main] cache - TemplateLoader.findTemplateSource("spark/partials/standard-content.ftl"): Found
[DEBUG] 2023-05-01 12:51:15.737 [main] cache - Loading template for "spark/partials/standard-content.ftl"("en_US", UTF-8, parsed) from "jar:file:/C:/Users/haide/.m2/repository/com/aventstack/extentreports/5.0.9/extentreports-5.0.9.jar!/com/aventstack/extentreports/templates/spark/partials/standard-content.ftl"
[DEBUG] 2023-05-01 12:51:15.742 [main] cache - "spark/partials/standard-content.ftl"("en_US", UTF-8, parsed) cached copy not yet stale; using cached.
[DEBUG] 2023-05-01 12:51:15.745 [main] cache - "spark/partials/standard-content.ftl"("en_US", UTF-8, parsed) cached copy not yet stale; using cached.
[DEBUG] 2023-05-01 12:51:15.746 [main] cache - "spark/partials/standard-content.ftl"("en_US", UTF-8, parsed) cached copy not yet stale; using cached.
[DEBUG] 2023-05-01 12:51:15.747 [main] cache - Couldn't find template in cache for "spark/partials/exception.ftl"("en_US", UTF-8, parsed); will try to load it.
[DEBUG] 2023-05-01 12:51:15.748 [main] cache - TemplateLoader.findTemplateSource("spark/partials/exception_en_US.ftl"): Not found
[DEBUG] 2023-05-01 12:51:15.748 [main] cache - TemplateLoader.findTemplateSource("spark/partials/exception_en.ftl"): Not found
[DEBUG] 2023-05-01 12:51:15.748 [main] cache - TemplateLoader.findTemplateSource("spark/partials/exception.ftl"): Found
[DEBUG] 2023-05-01 12:51:15.748 [main] cache - Loading template for "spark/partials/exception.ftl"("en_US", UTF-8, parsed) from "jar:file:/C:/Users/haide/.m2/repository/com/aventstack/extentreports/5.0.9/extentreports-5.0.9.jar!/com/aventstack/extentreports/templates/spark/partials/exception.ftl"
[DEBUG] 2023-05-01 12:51:15.752 [main] cache - Couldn't find template in cache for "spark/partials/log.ftl"("en_US", UTF-8, parsed); will try to load it.
[DEBUG] 2023-05-01 12:51:15.752 [main] cache - TemplateLoader.findTemplateSource("spark/partials/log_en_US.ftl"): Not found
[DEBUG] 2023-05-01 12:51:15.752 [main] cache - TemplateLoader.findTemplateSource("spark/partials/log_en.ftl"): Not found
[DEBUG] 2023-05-01 12:51:15.752 [main] cache - TemplateLoader.findTemplateSource("spark/partials/log.ftl"): Found
[DEBUG] 2023-05-01 12:51:15.752 [main] cache - Loading template for "spark/partials/log.ftl"("en_US", UTF-8, parsed) from "jar:file:/C:/Users/haide/.m2/repository/com/aventstack/extentreports/5.0.9/extentreports-5.0.9.jar!/com/aventstack/extentreports/templates/spark/partials/log.ftl"
[DEBUG] 2023-05-01 12:51:15.753 [main] cache - Couldn't find template in cache for "spark/partials/scripts.ftl"("en_US", UTF-8, parsed); will try to load it.
[DEBUG] 2023-05-01 12:51:15.753 [main] cache - TemplateLoader.findTemplateSource("spark/partials/scripts_en_US.ftl"): Not found
[DEBUG] 2023-05-01 12:51:15.753 [main] cache - TemplateLoader.findTemplateSource("spark/partials/scripts_en.ftl"): Not found
[DEBUG] 2023-05-01 12:51:15.753 [main] cache - TemplateLoader.findTemplateSource("spark/partials/scripts.ftl"): Found
[DEBUG] 2023-05-01 12:51:15.754 [main] cache - Loading template for "spark/partials/scripts.ftl"("en_US", UTF-8, parsed) from "jar:file:/C:/Users/haide/.m2/repository/com/aventstack/extentreports/5.0.9/extentreports-5.0.9.jar!/com/aventstack/extentreports/templates/spark/partials/scripts.ftl"
[DEBUG] 2023-05-01 12:51:15.754 [main] cache - Couldn't find template in cache for "commons/commons-inject-js.ftl"("en_US", UTF-8, parsed); will try to load it.
[DEBUG] 2023-05-01 12:51:15.754 [main] cache - TemplateLoader.findTemplateSource("commons/commons-inject-js_en_US.ftl"): Not found
[DEBUG] 2023-05-01 12:51:15.754 [main] cache - TemplateLoader.findTemplateSource("commons/commons-inject-js_en.ftl"): Not found
[DEBUG] 2023-05-01 12:51:15.754 [main] cache - TemplateLoader.findTemplateSource("commons/commons-inject-js.ftl"): Found
[DEBUG] 2023-05-01 12:51:15.754 [main] cache - Loading template for "commons/commons-inject-js.ftl"("en_US", UTF-8, parsed) from "jar:file:/C:/Users/haide/.m2/repository/com/aventstack/extentreports/5.0.9/extentreports-5.0.9.jar!/com/aventstack/extentreports/templates/commons/commons-inject-js.ftl"
[INFO ] 2023-05-01 12:51:15.757 [main] ReportManager - File Action "DoesFileExist" successfully performed. With the following test data "File Path: "allure-results/cucumberReport.html"".
[INFO ] 2023-05-01 12:51:15.761 [main] ReportManager - Successfully created attachment 'HTML - Checkpoints Report'
[INFO ] 2023-05-01 12:51:15.770 [main] ReportManager - Successfully created attachment 'SHAFT Engine Logs - Issues log CSV: 20230501-125115'
[INFO ] 2023-05-01 12:51:15.777 [main] ReportManager - File Action "GetAbsolutePath" successfully performed. With the following test data "Relative File Path: "execution-summary/ExecutionSummaryReport_01-05-2023_12-51-15-0774-PM.html"".
[INFO ] 2023-05-01 12:51:15.780 [main] ReportManager - File Action "WriteToFile" successfully performed. With the following test data "Target File Path: "C:\Users\haide\Desktop\Shaft Example\execution-summary\ExecutionSummaryReport_01-05-2023_12-51-15-0774-PM.html"".
[INFO ] 2023-05-01 12:51:15.787 [main] ReportManager - Executing: ".\execution-summary/ExecutionSummaryReport_*.html" locally.
[INFO ] 2023-05-01 12:51:15.983 [main] ReportManager - Terminal Action "PerformTerminalCommands" successfully performed. With the following test data "Host Name: "localHost" | Command: ".\execution-summary/ExecutionSummaryReport_*.html" | Exit Status: "0"".
[INFO ] 2023-05-01 12:51:15.983 [main] ReportManager - 
------------------------------------------------------------------------------------------------------------------------------------------------
                                                         Test Execution Summary Results                                                         
                                              Total Cases: 4 --> Passed: 0 | Failed: 4 | Skipped: 0                                              
------------------------------------------------------------------------------------------------------------------------------------------------

[INFO ] 2023-05-01 12:51:15.984 [main] ReportManager - 
------------------------------------------------------------------------------------------------------------------------------------------------
                                             This test run was powered by SHAFT Engine v7.2.20230425                                             
                                  SHAFT Engine is *and will always be* 100% FREE for commercial and private use                                  
                                                       in compliance with the MIT license                                                       
                                           https://github.com/ShaftHQ/SHAFT_ENGINE/blob/master/LICENSE                                           
------------------------------------------------------------------------------------------------------------------------------------------------

[DEBUG] 2023-05-01 12:51:16.139 [wdm-shutdown-hook] WebDriverManager - Quitting ChromeDriver: chrome on WINDOWS (4496b6c87bbf1ba43435b8b9f08c46dc)
[DEBUG] 2023-05-01 12:51:16.139 [wdm-shutdown-hook] WebDriverManager - Quitting ChromeDriver: chrome on WINDOWS (5a53d4f17c84fa558abb06a0b20a302e)
[DEBUG] 2023-05-01 12:51:16.139 [wdm-shutdown-hook] WebDriverManager - Quitting ChromeDriver: chrome on WINDOWS (257b7a68d83b0190d06127743d61d8b0)
[WARN ] 2023-05-01 12:51:20.150 [Exec Stream Pumper] ReportManager - [16[1682938280.158[20913862]88[20.913581280.150][WARNING]: T]i[mWeAdR NWIARNNGI]No:u tT icmoendn eocutti ncgo ntneoc tCing to hCrhormoem,e ,r eGrte]rtyring.y.i.n
[WARN ] 2023-05-01 12:51:20.150 [Exec Stream Pumper] ReportManager - : Timed out connecting to Chrome, retgr.y.i.n
[WARN ] 2023-05-01 12:51:20.150 [Exec Stream Pumper] ReportManager - g...
[WARN ] 2023-05-01 12:51:28.221 [Exec Stream Pumper] ReportManager - [[1166829388228983.82[211]6[WARNING]:8 2T9i3m8e2d8 8o2.u82t2 1][WARNING]: Timed out connecting to Chrome, retcroyninnegc.t.i.n
[WARN ] 2023-05-01 12:51:28.221 [Exec Stream Pumper] ReportManager - 8.220][WARNING]: Timed out connectingg to  tCoh rCohmreo,m er,e trreytirnygi.n.g..
[WARN ] 2023-05-01 12:51:28.221 [Exec Stream Pumper] ReportManager - ..
